{"/hdd/Backup/Coding/HeroVired/Assignment/JsonMarks/jScript.js": {"path":"/hdd/Backup/Coding/HeroVired/Assignment/JsonMarks/jScript.js","statementMap":{"0":{"start":{"line":1,"column":16},"end":{"line":1,"column":63}},"1":{"start":{"line":2,"column":16},"end":{"line":2,"column":31}},"2":{"start":{"line":3,"column":18},"end":{"line":3,"column":38}},"3":{"start":{"line":4,"column":20},"end":{"line":4,"column":40}},"4":{"start":{"line":5,"column":18},"end":{"line":5,"column":38}},"5":{"start":{"line":10,"column":14},"end":{"line":10,"column":30}},"6":{"start":{"line":11,"column":14},"end":{"line":11,"column":32}},"7":{"start":{"line":12,"column":0},"end":{"line":12,"column":22}},"8":{"start":{"line":18,"column":11},"end":{"line":18,"column":49}},"9":{"start":{"line":19,"column":0},"end":{"line":22,"column":26}},"10":{"start":{"line":20,"column":9},"end":{"line":20,"column":37}},"11":{"start":{"line":21,"column":0},"end":{"line":21,"column":20}},"12":{"start":{"line":22,"column":0},"end":{"line":22,"column":21}},"13":{"start":{"line":24,"column":11},"end":{"line":24,"column":49}},"14":{"start":{"line":25,"column":0},"end":{"line":28,"column":26}},"15":{"start":{"line":26,"column":9},"end":{"line":26,"column":37}},"16":{"start":{"line":27,"column":0},"end":{"line":27,"column":20}},"17":{"start":{"line":28,"column":0},"end":{"line":28,"column":21}},"18":{"start":{"line":31,"column":11},"end":{"line":31,"column":51}},"19":{"start":{"line":32,"column":0},"end":{"line":35,"column":26}},"20":{"start":{"line":33,"column":9},"end":{"line":33,"column":37}},"21":{"start":{"line":34,"column":0},"end":{"line":34,"column":20}},"22":{"start":{"line":35,"column":0},"end":{"line":35,"column":21}},"23":{"start":{"line":38,"column":11},"end":{"line":38,"column":53}},"24":{"start":{"line":39,"column":0},"end":{"line":42,"column":26}},"25":{"start":{"line":40,"column":9},"end":{"line":40,"column":37}},"26":{"start":{"line":41,"column":0},"end":{"line":41,"column":20}},"27":{"start":{"line":42,"column":0},"end":{"line":42,"column":21}},"28":{"start":{"line":44,"column":11},"end":{"line":44,"column":51}},"29":{"start":{"line":45,"column":0},"end":{"line":48,"column":26}},"30":{"start":{"line":46,"column":9},"end":{"line":46,"column":37}},"31":{"start":{"line":47,"column":0},"end":{"line":47,"column":20}},"32":{"start":{"line":48,"column":0},"end":{"line":48,"column":21}},"33":{"start":{"line":56,"column":16},"end":{"line":56,"column":18}},"34":{"start":{"line":57,"column":0},"end":{"line":65,"column":1}},"35":{"start":{"line":57,"column":12},"end":{"line":57,"column":13}},"36":{"start":{"line":59,"column":4},"end":{"line":64,"column":5}},"37":{"start":{"line":61,"column":7},"end":{"line":61,"column":126}},"38":{"start":{"line":63,"column":7},"end":{"line":63,"column":30}},"39":{"start":{"line":67,"column":0},"end":{"line":67,"column":17}},"40":{"start":{"line":74,"column":14},"end":{"line":74,"column":39}},"41":{"start":{"line":75,"column":0},"end":{"line":75,"column":21}},"42":{"start":{"line":76,"column":0},"end":{"line":76,"column":33}},"43":{"start":{"line":78,"column":0},"end":{"line":78,"column":18}},"44":{"start":{"line":84,"column":0},"end":{"line":84,"column":16}},"45":{"start":{"line":86,"column":0},"end":{"line":94,"column":3}},"46":{"start":{"line":87,"column":4},"end":{"line":87,"column":68}},"47":{"start":{"line":88,"column":4},"end":{"line":88,"column":69}},"48":{"start":{"line":89,"column":4},"end":{"line":89,"column":74}},"49":{"start":{"line":90,"column":4},"end":{"line":90,"column":76}},"50":{"start":{"line":91,"column":4},"end":{"line":91,"column":82}},"51":{"start":{"line":95,"column":0},"end":{"line":95,"column":57}},"52":{"start":{"line":99,"column":0},"end":{"line":99,"column":77}}},"fnMap":{"0":{"name":"main","decl":{"start":{"line":8,"column":9},"end":{"line":8,"column":13}},"loc":{"start":{"line":9,"column":0},"end":{"line":13,"column":1}},"line":9},"1":{"name":"updateList","decl":{"start":{"line":16,"column":9},"end":{"line":16,"column":19}},"loc":{"start":{"line":17,"column":0},"end":{"line":49,"column":1}},"line":17},"2":{"name":"(anonymous_2)","decl":{"start":{"line":19,"column":18},"end":{"line":19,"column":19}},"loc":{"start":{"line":19,"column":26},"end":{"line":22,"column":24}},"line":19},"3":{"name":"(anonymous_3)","decl":{"start":{"line":25,"column":18},"end":{"line":25,"column":19}},"loc":{"start":{"line":25,"column":26},"end":{"line":28,"column":24}},"line":25},"4":{"name":"(anonymous_4)","decl":{"start":{"line":32,"column":20},"end":{"line":32,"column":21}},"loc":{"start":{"line":32,"column":28},"end":{"line":35,"column":24}},"line":32},"5":{"name":"(anonymous_5)","decl":{"start":{"line":39,"column":22},"end":{"line":39,"column":23}},"loc":{"start":{"line":39,"column":30},"end":{"line":42,"column":24}},"line":39},"6":{"name":"(anonymous_6)","decl":{"start":{"line":45,"column":20},"end":{"line":45,"column":21}},"loc":{"start":{"line":45,"column":28},"end":{"line":48,"column":24}},"line":45},"7":{"name":"calculateMarks","decl":{"start":{"line":51,"column":9},"end":{"line":51,"column":23}},"loc":{"start":{"line":52,"column":0},"end":{"line":68,"column":1}},"line":52},"8":{"name":"parseJson","decl":{"start":{"line":71,"column":9},"end":{"line":71,"column":18}},"loc":{"start":{"line":73,"column":0},"end":{"line":80,"column":1}},"line":73},"9":{"name":"updateOutput","decl":{"start":{"line":82,"column":9},"end":{"line":82,"column":21}},"loc":{"start":{"line":83,"column":0},"end":{"line":97,"column":1}},"line":83},"10":{"name":"(anonymous_10)","decl":{"start":{"line":86,"column":19},"end":{"line":86,"column":20}},"loc":{"start":{"line":86,"column":30},"end":{"line":94,"column":1}},"line":86}},"branchMap":{"0":{"loc":{"start":{"line":59,"column":4},"end":{"line":64,"column":5}},"type":"if","locations":[{"start":{"line":59,"column":4},"end":{"line":64,"column":5}},{"start":{"line":59,"column":4},"end":{"line":64,"column":5}}],"line":59},"1":{"loc":{"start":{"line":59,"column":8},"end":{"line":59,"column":202}},"type":"binary-expr","locations":[{"start":{"line":59,"column":8},"end":{"line":59,"column":38}},{"start":{"line":59,"column":42},"end":{"line":59,"column":74}},{"start":{"line":59,"column":78},"end":{"line":59,"column":108}},{"start":{"line":59,"column":113},"end":{"line":59,"column":201}}],"line":59}},"s":{"0":1,"1":1,"2":1,"3":1,"4":1,"5":0,"6":0,"7":0,"8":0,"9":0,"10":0,"11":0,"12":0,"13":0,"14":0,"15":0,"16":0,"17":0,"18":0,"19":0,"20":0,"21":0,"22":0,"23":0,"24":0,"25":0,"26":0,"27":0,"28":0,"29":0,"30":0,"31":0,"32":0,"33":1,"34":1,"35":1,"36":5,"37":2,"38":2,"39":1,"40":0,"41":0,"42":0,"43":0,"44":0,"45":0,"46":0,"47":0,"48":0,"49":0,"50":0,"51":0,"52":1},"f":{"0":0,"1":0,"2":0,"3":0,"4":0,"5":0,"6":0,"7":1,"8":0,"9":0,"10":0},"b":{"0":[2,3],"1":[5,4,3,2]},"_coverageSchema":"1a1c01bbd47fc00a2c39e90264f33305004495a9","hash":"5b14d1568778e1164ceb978354b9f234d192d7b7"}
}
